<?xml version="1.0" encoding="UTF-8"?>
<!-- Generated by org.testng.reporters.JUnitXMLReporter -->
<testsuite ignored="2" hostname="josh-Latitude-3420" failures="0" tests="2" name="Command line test" time="3.434" errors="0" timestamp="2026-01-01T14:45:03 IST">
  <testcase classname="user.LoginTest" name="loginAndGetToken" time="2.684"/>
  <testcase classname="user.UserDetailsTest" name="getUserDetails" time="0.718"/>
  <testcase classname="common.BaseTest" name="@BeforeSuite setup" time="0.0">
    <ignored/>
  </testcase> <!-- @BeforeSuite setup -->
  <testcase classname="common.BaseTest" name="@BeforeSuite setup" time="0.0">
    <ignored/>
  </testcase> <!-- @BeforeSuite setup -->
</testsuite> <!-- Command line test -->
