<?xml version="1.0" encoding="UTF-8"?>
<testng-results ignored="0" total="2" passed="2" failed="0" skipped="0">
  <reporter-output>
  </reporter-output>
  <suite started-at="2026-01-01T14:45:00 IST" name="Command line suite" finished-at="2026-01-01T14:45:03 IST" duration-ms="3434">
    <groups>
    </groups>
    <test started-at="2026-01-01T14:45:00 IST" name="Command line test" finished-at="2026-01-01T14:45:03 IST" duration-ms="3434">
      <class name="user.UserDetailsTest">
        <test-method signature="getUserDetails()[pri:0, instance:user.UserDetailsTest@543788f3]" started-at="2026-01-01T14:45:03 IST" name="getUserDetails" description="Given valid token when user details API is called then user info is returned" finished-at="2026-01-01T14:45:03 IST" duration-ms="718" status="PASS">
          <reporter-output>
          </reporter-output>
        </test-method> <!-- getUserDetails -->
      </class> <!-- user.UserDetailsTest -->
      <class name="common.BaseTest">
        <test-method is-config="true" signature="setup()[pri:0, instance:common.BaseTest@10d59286]" started-at="2026-01-01T14:45:00 IST" name="setup" finished-at="2026-01-01T14:45:00 IST" duration-ms="298" status="PASS">
          <reporter-output>
          </reporter-output>
        </test-method> <!-- setup -->
      </class> <!-- common.BaseTest -->
      <class name="user.LoginTest">
        <test-method signature="loginAndGetToken()[pri:0, instance:user.LoginTest@4ae82894]" started-at="2026-01-01T14:45:00 IST" name="loginAndGetToken" description="Given valid credentials when login API is called then access token is generated" finished-at="2026-01-01T14:45:03 IST" duration-ms="2684" status="PASS">
          <reporter-output>
          </reporter-output>
        </test-method> <!-- loginAndGetToken -->
      </class> <!-- user.LoginTest -->
    </test> <!-- Command line test -->
  </suite> <!-- Command line suite -->
</testng-results>
